<?xml version="1.0" encoding="UTF-8"?>
<!-- Generated by org.testng.reporters.JUnitReportReporter -->
<testsuite skipped="0" hostname="LAPTOP-AG73QOF4" name="org.testng.TestngClass" tests="1" failures="0" timestamp="18 Aug 2022 09:29:58 GMT" time="11.532" errors="0">
  <testcase name="param1" time="11.532" classname="org.testng.TestngClass"/>
</testsuite> <!-- org.testng.TestngClass -->
